<?xml version="1.0" encoding="UTF-8"?>
<!-- Generated by org.testng.reporters.JUnitReportReporter -->
<testsuite hostname="Pc-27" failures="0" tests="4" name="tests.GetPayinApi" time="4.835" errors="0" timestamp="2022-12-29T12:33:17 IST" skipped="0">
  <testcase classname="tests.GetPayinApi" name="verifyGetPayinApi" time="1.715"/>
  <system-out/>
  <testcase classname="tests.GetPayinApi" name="verifyResponsePayload" time="1.741"/>
  <system-out/>
  <testcase classname="tests.GetPayinApi" name="verifyInvalidGetRequest" time="0.676"/>
  <system-out/>
  <testcase classname="tests.GetPayinApi" name="verifyGetApiWithoutAuth" time="0.703"/>
  <system-out/>
</testsuite> <!-- tests.GetPayinApi -->
