<?xml version="1.0" encoding="UTF-8"?>
<!-- Generated by org.testng.reporters.JUnitReportReporter -->
<testsuite hostname="Pc-27" failures="0" tests="6" name="tests.CreatePayinApi" time="16.177" errors="0" timestamp="2022-12-28T11:43:12 IST" skipped="0">
  <testcase classname="tests.CreatePayinApi" name="createPayin" time="8.686"/>
  <system-out/>
  <testcase classname="tests.CreatePayinApi" name="verifyPayinWithoutAuth" time="0.728"/>
  <system-out/>
  <testcase classname="tests.CreatePayinApi" name="verifyLargePayment" time="1.264"/>
  <system-out/>
  <testcase classname="tests.CreatePayinApi" name="verifyMandatoryFieldsOfApi" time="0.731"/>
  <system-out/>
  <testcase classname="tests.CreatePayinApi" name="verifyCreatePayinApiResBody" time="3.879"/>
  <system-out/>
  <testcase classname="tests.CreatePayinApi" name="verifyNonAcceptableCurrency" time="0.889"/>
  <system-out/>
</testsuite> <!-- tests.CreatePayinApi -->
