<?xml version="1.0" encoding="UTF-8"?>
<!-- Generated by org.testng.reporters.JUnitReportReporter -->
<testsuite hostname="Pc-27" failures="0" tests="4" name="tests.GetPayinApi" time="5.317" errors="0" timestamp="2022-12-28T11:43:12 IST" skipped="0">
  <testcase classname="tests.GetPayinApi" name="verifyGetPayinApi" time="1.770"/>
  <system-out/>
  <testcase classname="tests.GetPayinApi" name="verifyResponsePayload" time="2.152"/>
  <system-out/>
  <testcase classname="tests.GetPayinApi" name="verifyInvalidGetRequest" time="0.700"/>
  <system-out/>
  <testcase classname="tests.GetPayinApi" name="verifyGetApiWithoutAuth" time="0.695"/>
  <system-out/>
</testsuite> <!-- tests.GetPayinApi -->
