<?xml version="1.0" encoding="UTF-8"?>
<!-- Generated by org.testng.reporters.JUnitReportReporter -->
<testsuite hostname="Pc-27" failures="0" tests="6" name="tests.CreatePayinApi" time="11.258" errors="0" timestamp="2022-12-29T12:33:17 IST" skipped="0">
  <testcase classname="tests.CreatePayinApi" name="createPayin" time="6.027"/>
  <system-out/>
  <testcase classname="tests.CreatePayinApi" name="verifyPayinWithoutAuth" time="0.748"/>
  <system-out/>
  <testcase classname="tests.CreatePayinApi" name="verifyLargePayment" time="0.812"/>
  <system-out/>
  <testcase classname="tests.CreatePayinApi" name="verifyMandatoryFieldsOfApi" time="0.778"/>
  <system-out/>
  <testcase classname="tests.CreatePayinApi" name="verifyCreatePayinApiResBody" time="2.165"/>
  <system-out/>
  <testcase classname="tests.CreatePayinApi" name="verifyNonAcceptableCurrency" time="0.728"/>
  <system-out/>
</testsuite> <!-- tests.CreatePayinApi -->
